#
# A fatal error has been detected by the Java Runtime Environment:
#
#  EXCEPTION_ACCESS_VIOLATION (0xc0000005) at pc=0x0000000000000000, pid=9636, tid=11572
#
# JRE version: Java(TM) SE Runtime Environment (8.0_65-b17) (build 1.8.0_65-b17)
# Java VM: Java HotSpot(TM) 64-Bit Server VM (25.65-b01 mixed mode windows-amd64 compressed oops)
# Problematic frame:
# C  0x0000000000000000
#
# Failed to write core dump. Minidumps are not enabled by default on client versions of Windows
#
# If you would like to submit a bug report, please visit:
#   http://bugreport.java.com/bugreport/crash.jsp
#

---------------  T H R E A D  ---------------

Current thread (0x000000001b890800):  JavaThread "JDWP Transport Listener: dt_socket" daemon [_thread_in_vm, id=11572, stack(0x000000001ceb0000,0x000000001cfb0000)]

siginfo: ExceptionCode=0xc0000005, ExceptionInformation=0x0000000000000008 0x0000000000000000

Registers:
RAX=0x000000001cfaf201, RBX=0x000000001dfcf5c8, RCX=0x000000001dfcf5c8, RDX=0x000000001b4fb4b0
RSP=0x000000001cfaf218, RBP=0x000000000089a4b0, RSI=0x000000001d6e0ba8, RDI=0x000000001cfaf2d8
R8 =0x000000001b890800, R9 =0x000000001d6e0ba8, R10=0x0000000000000000, R11=0x000000001cfaf230
R12=0x000000001b86d2b8, R13=0x000000001b8909f8, R14=0x0000000000000000, R15=0x0000000000000000
RIP=0x0000000000000000, EFLAGS=0x0000000000010202

Top of Stack: (sp=0x000000001cfaf218)
0x000000001cfaf218:   0000000059c7886c 000000001b86d2b8
0x000000001cfaf228:   000000001b890800 000000001b890800
0x000000001cfaf238:   0000000059e8502a 000000001b890800
0x000000001cfaf248:   0000000059e97fad 000000001cfaf2d0
0x000000001cfaf258:   000000076b405c40 000000001cfaf328
0x000000001cfaf268:   00000000598a928e 000000001b890800
0x000000001cfaf278:   0000000000000000 0000000000000000
0x000000001cfaf288:   0000000000000000 0000000000000000
0x000000001cfaf298:   0000000059898823 000000001cfaf3a0
0x000000001cfaf2a8:   0000000000000009 000000000000000a
0x000000001cfaf2b8:   0000000000000001 000000001cfaf328
0x000000001cfaf2c8:   000000001d6e0ba0 000000001d6e0ba8
0x000000001cfaf2d8:   0000000000000000 0000000000000000
0x000000001cfaf2e8:   000000001b887848 0000000000000000
0x000000001cfaf2f8:   000000001e053f0b 000000001b887401
0x000000001cfaf308:   000000005989f0a8 000000001b060b06 

Instructions: (pc=0x0000000000000000)
0xffffffffffffffe0:   


Register to memory mapping:

RAX=0x000000001cfaf201 is pointing into the stack for thread: 0x000000001b890800
RBX=0x000000001dfcf5c8 is an unknown value
RCX=0x000000001dfcf5c8 is an unknown value
RDX={method} {0x000000001b4fb4b8} 'removeSpace' '([CILjava/util/List;)V' in 'com/epam/notareligion/Ch5'
RSP=0x000000001cfaf218 is pointing into the stack for thread: 0x000000001b890800
RBP=0x000000000089a4b0 is an unknown value
RSI=0x000000001d6e0ba8 is an unknown value
RDI=0x000000001cfaf2d8 is pointing into the stack for thread: 0x000000001b890800
R8 =0x000000001b890800 is a thread
R9 =0x000000001d6e0ba8 is an unknown value
R10=0x0000000000000000 is an unknown value
R11=0x000000001cfaf230 is pointing into the stack for thread: 0x000000001b890800
R12=0x000000001b86d2b8 is a global jni handle
R13=0x000000001b8909f8 is an unknown value
R14=0x0000000000000000 is an unknown value
R15=0x0000000000000000 is an unknown value


Stack: [0x000000001ceb0000,0x000000001cfb0000],  sp=0x000000001cfaf218,  free space=1020k
Native frames: (J=compiled Java code, j=interpreted, Vv=VM code, C=native code)


---------------  P R O C E S S  ---------------

Java Threads: ( => current thread )
  0x000000001d3fc800 JavaThread "Service Thread" daemon [_thread_blocked, id=15412, stack(0x000000001d8b0000,0x000000001d9b0000)]
  0x000000001b8de800 JavaThread "C1 CompilerThread2" daemon [_thread_blocked, id=4172, stack(0x000000001d7b0000,0x000000001d8b0000)]
  0x000000001b8a8000 JavaThread "C2 CompilerThread1" daemon [_thread_blocked, id=13948, stack(0x000000001d2b0000,0x000000001d3b0000)]
  0x000000001b8b3000 JavaThread "C2 CompilerThread0" daemon [_thread_blocked, id=16164, stack(0x000000001d1b0000,0x000000001d2b0000)]
  0x000000001b898800 JavaThread "JDWP Command Reader" daemon [_thread_in_native, id=3552, stack(0x000000001d0b0000,0x000000001d1b0000)]
  0x000000001b895000 JavaThread "JDWP Event Helper Thread" daemon [_thread_blocked, id=15292, stack(0x000000001cfb0000,0x000000001d0b0000)]
=>0x000000001b890800 JavaThread "JDWP Transport Listener: dt_socket" daemon [_thread_in_vm, id=11572, stack(0x000000001ceb0000,0x000000001cfb0000)]
  0x000000001b87e000 JavaThread "Attach Listener" daemon [_thread_blocked, id=7496, stack(0x000000001cdb0000,0x000000001ceb0000)]
  0x000000001b87c800 JavaThread "Signal Dispatcher" daemon [_thread_blocked, id=14364, stack(0x000000001ccb0000,0x000000001cdb0000)]
  0x00000000022a7800 JavaThread "Finalizer" daemon [_thread_blocked, id=15060, stack(0x000000001cad0000,0x000000001cbd0000)]
  0x000000001b848800 JavaThread "Reference Handler" daemon [_thread_blocked, id=4368, stack(0x000000001c9d0000,0x000000001cad0000)]
  0x00000000021b2800 JavaThread "main" [_thread_blocked, id=12040, stack(0x00000000020b0000,0x00000000021b0000)]

Other Threads:
  0x000000001b847000 VMThread [stack: 0x000000001c8d0000,0x000000001c9d0000] [id=3632]
  0x000000001d407000 WatcherThread [stack: 0x000000001d9b0000,0x000000001dab0000] [id=10488]

VM state:not at safepoint (normal execution)

VM Mutex/Monitor currently owned by a thread: None

Heap:
 PSYoungGen      total 76288K, used 13128K [0x000000076b400000, 0x0000000770900000, 0x00000007c0000000)
  eden space 65536K, 20% used [0x000000076b400000,0x000000076c0d23d0,0x000000076f400000)
  from space 10752K, 0% used [0x000000076fe80000,0x000000076fe80000,0x0000000770900000)
  to   space 10752K, 0% used [0x000000076f400000,0x000000076f400000,0x000000076fe80000)
 ParOldGen       total 175104K, used 0K [0x00000006c1c00000, 0x00000006cc700000, 0x000000076b400000)
  object space 175104K, 0% used [0x00000006c1c00000,0x00000006c1c00000,0x00000006cc700000)
 Metaspace       used 7001K, capacity 7126K, committed 7296K, reserved 1056768K
  class space    used 786K, capacity 817K, committed 896K, reserved 1048576K

Card table byte_map: [0x0000000011670000,0x0000000011e70000] byte_map_base: 0x000000000e062000

Marking Bits: (ParMarkBitMap*) 0x000000005a35a5b0
 Begin Bits: [0x00000000127c0000, 0x0000000016750000)
 End Bits:   [0x0000000016750000, 0x000000001a6e0000)

Polling page: 0x0000000000480000

CodeCache: size=245760Kb used=2115Kb max_used=2115Kb free=243644Kb
 bounds [0x00000000022b0000, 0x0000000002520000, 0x00000000112b0000]
 total_blobs=730 nmethods=426 adapters=225
 compilation: enabled

Compilation events (10 events):
Event: 0.446 Thread 0x000000001b8de800  422       3       java.net.URL::toExternalForm (9 bytes)
Event: 0.446 Thread 0x000000001b8de800 nmethod 422 0x00000000024bfa10 code [0x00000000024bfb80, 0x00000000024bfda8]
Event: 0.447 Thread 0x000000001b8de800  423  s    3       java.lang.StringBuffer::toString (36 bytes)
Event: 0.447 Thread 0x000000001b8de800 nmethod 423 0x00000000024bfe50 code [0x00000000024bffe0, 0x00000000024c0488]
Event: 0.447 Thread 0x000000001b8de800  424       1       java.lang.Integer::intValue (5 bytes)
Event: 0.447 Thread 0x000000001b8de800 nmethod 424 0x00000000024b3790 code [0x00000000024b38e0, 0x00000000024b39f0]
Event: 0.450 Thread 0x000000001b8de800  425   !   3       java.util.zip.ZipFile$ZipFileInputStream::read (131 bytes)
Event: 0.450 Thread 0x000000001b8de800 nmethod 425 0x00000000024c05d0 code [0x00000000024c07a0, 0x00000000024c1128]
Event: 0.450 Thread 0x000000001b8de800  426       3       java.util.zip.ZipFile::access$1300 (5 bytes)
Event: 0.450 Thread 0x000000001b8de800 nmethod 426 0x00000000024c16d0 code [0x00000000024c1860, 0x00000000024c1ac8]

GC Heap History (0 events):
No events

Deoptimization events (1 events):
Event: 0.430 Thread 0x00000000021b2800 Uncommon trap: reason=unstable_if action=reinterpret pc=0x000000000249fb38 method=java.util.HashMap.hash(Ljava/lang/Object;)I @ 1

Internal exceptions (9 events):
Event: 0.041 Thread 0x00000000021b2800 Exception <a 'java/lang/NoSuchMethodError': Method sun.misc.Unsafe.defineClass(Ljava/lang/String;[BII)Ljava/lang/Class; name or signature does not match> (0x000000076b40e260) thrown at [C:\workspace\8-2-build-windows-amd64-cygwin\jdk8u65\4987\hotspot\src\s)†Ào–•?
Event: 0.041 Thread 0x00000000021b2800 Exception <a 'java/lang/NoSuchMethodError': Method sun.misc.Unsafe.prefetchRead(Ljava/lang/Object;J)V name or signature does not match> (0x000000076b40e548) thrown at [C:\workspace\8-2-build-windows-amd64-cygwin\jdk8u65\4987\hotspot\src\share\vm\prims\jni.§¿Ó√Ô«?
Event: 0.187 Thread 0x00000000021b2800 Exception <a 'java/security/PrivilegedActionException'> (0x000000076b94fde0) thrown at [C:\workspace\8-2-build-windows-amd64-cygwin\jdk8u65\4987\hotspot\src\share\vm\prims\jvm.cpp, line 1386]
Event: 0.187 Thread 0x00000000021b2800 Exception <a 'java/security/PrivilegedActionException'> (0x000000076b94fff0) thrown at [C:\workspace\8-2-build-windows-amd64-cygwin\jdk8u65\4987\hotspot\src\share\vm\prims\jvm.cpp, line 1386]
Event: 0.188 Thread 0x00000000021b2800 Exception <a 'java/security/PrivilegedActionException'> (0x000000076b953e38) thrown at [C:\workspace\8-2-build-windows-amd64-cygwin\jdk8u65\4987\hotspot\src\share\vm\prims\jvm.cpp, line 1386]
Event: 0.188 Thread 0x00000000021b2800 Exception <a 'java/security/PrivilegedActionException'> (0x000000076b954048) thrown at [C:\workspace\8-2-build-windows-amd64-cygwin\jdk8u65\4987\hotspot\src\share\vm\prims\jvm.cpp, line 1386]
Event: 0.230 Thread 0x00000000021b2800 Exception <a 'java/lang/ArrayIndexOutOfBoundsException'> (0x000000076ba5d830) thrown at [C:\workspace\8-2-build-windows-amd64-cygwin\jdk8u65\4987\hotspot\src\share\vm\runtime\sharedRuntime.cpp, line 605]
Event: 0.230 Thread 0x00000000021b2800 Exception <a 'java/lang/ArrayIndexOutOfBoundsException'> (0x000000076ba5e738) thrown at [C:\workspace\8-2-build-windows-amd64-cygwin\jdk8u65\4987\hotspot\src\share\vm\runtime\sharedRuntime.cpp, line 605]
Event: 0.430 Thread 0x00000000021b2800 Implicit null exception at 0x000000000249f894 to 0x000000000249fb21

Events (10 events):
Event: 4020.207 Executing VM operation: GetOrSetLocal
Event: 4020.207 Executing VM operation: GetOrSetLocal done
Event: 4020.208 Executing VM operation: GetOrSetLocal
Event: 4020.208 Executing VM operation: GetOrSetLocal done
Event: 4020.208 Executing VM operation: GetOrSetLocal
Event: 4020.208 Executing VM operation: GetOrSetLocal done
Event: 4020.209 Executing VM operation: GetOrSetLocal
Event: 4020.209 Executing VM operation: GetOrSetLocal done
Event: 4020.211 Executing VM operation: GetOrSetLocal
Event: 4020.211 Executing VM operation: GetOrSetLocal done


Dynamic libraries:
0x00007ff7cc490000 - 0x00007ff7cc4c7000 	C:\Program Files\Java\jdk1.8.0_65\bin\java.exe
0x00007ffca3130000 - 0x00007ffca32f1000 	C:\WINDOWS\SYSTEM32\ntdll.dll
0x00007ffca2870000 - 0x00007ffca291d000 	C:\WINDOWS\system32\KERNEL32.DLL
0x00007ffc9fa10000 - 0x00007ffc9fbf8000 	C:\WINDOWS\system32\KERNELBASE.dll
0x00007ffca05b0000 - 0x00007ffca0657000 	C:\WINDOWS\system32\ADVAPI32.DLL
0x00007ffca0f20000 - 0x00007ffca0fbd000 	C:\WINDOWS\system32\msvcrt.dll
0x00007ffca0550000 - 0x00007ffca05ab000 	C:\WINDOWS\system32\sechost.dll
0x00007ffca2fb0000 - 0x00007ffca30cc000 	C:\WINDOWS\system32\RPCRT4.dll
0x000000005dae0000 - 0x000000005db69000 	C:\WINDOWS\System32\SYSFER.DLL
0x00007ffca0930000 - 0x00007ffca0a86000 	C:\WINDOWS\system32\USER32.dll
0x00007ffca2680000 - 0x00007ffca2806000 	C:\WINDOWS\system32\GDI32.dll
0x00007ffc93db0000 - 0x00007ffc94024000 	C:\WINDOWS\WinSxS\amd64_microsoft.windows.common-controls_6595b64144ccf1df_6.0.10586.0_none_8c15ae12515e1c22\COMCTL32.dll
0x00007ffca0ca0000 - 0x00007ffca0f1d000 	C:\WINDOWS\system32\combase.dll
0x00007ffca0410000 - 0x00007ffca047a000 	C:\WINDOWS\system32\bcryptPrimitives.dll
0x00007ffca0c60000 - 0x00007ffca0c9b000 	C:\WINDOWS\system32\IMM32.DLL
0x00000000580d0000 - 0x00000000581a2000 	C:\Program Files\Java\jdk1.8.0_65\jre\bin\msvcr100.dll
0x0000000059b50000 - 0x000000005a3d9000 	C:\Program Files\Java\jdk1.8.0_65\jre\bin\server\jvm.dll
0x00007ffca0540000 - 0x00007ffca0548000 	C:\WINDOWS\system32\PSAPI.DLL
0x00007ffc988e0000 - 0x00007ffc988e9000 	C:\WINDOWS\SYSTEM32\WSOCK32.dll
0x00007ffca0a90000 - 0x00007ffca0afb000 	C:\WINDOWS\system32\WS2_32.dll
0x00007ffc9df80000 - 0x00007ffc9dfa3000 	C:\WINDOWS\SYSTEM32\WINMM.dll
0x00007ffc92330000 - 0x00007ffc9233a000 	C:\WINDOWS\SYSTEM32\VERSION.dll
0x00007ffc9df00000 - 0x00007ffc9df2c000 	C:\WINDOWS\SYSTEM32\WINMMBASE.dll
0x00007ffc9fc00000 - 0x00007ffc9fc43000 	C:\WINDOWS\system32\cfgmgr32.dll
0x000000005c3f0000 - 0x000000005c3ff000 	C:\Program Files\Java\jdk1.8.0_65\jre\bin\verify.dll
0x000000005b470000 - 0x000000005b499000 	C:\Program Files\Java\jdk1.8.0_65\jre\bin\java.dll
0x0000000059890000 - 0x00000000598c5000 	C:\Program Files\Java\jdk1.8.0_65\jre\bin\jdwp.dll
0x000000005b4d0000 - 0x000000005b4d8000 	C:\Program Files\Java\jdk1.8.0_65\jre\bin\npt.dll
0x000000005c3d0000 - 0x000000005c3e6000 	C:\Program Files\Java\jdk1.8.0_65\jre\bin\zip.dll
0x00007ffca0fc0000 - 0x00007ffca251f000 	C:\WINDOWS\system32\SHELL32.dll
0x00007ffc9fc50000 - 0x00007ffca0294000 	C:\WINDOWS\system32\windows.storage.dll
0x00007ffca2810000 - 0x00007ffca2862000 	C:\WINDOWS\system32\shlwapi.dll
0x00007ffc9f7d0000 - 0x00007ffc9f7df000 	C:\WINDOWS\system32\kernel.appcore.dll
0x00007ffca0330000 - 0x00007ffca03e5000 	C:\WINDOWS\system32\shcore.dll
0x00007ffc9f750000 - 0x00007ffc9f79b000 	C:\WINDOWS\system32\powrprof.dll
0x00007ffc9f7b0000 - 0x00007ffc9f7c4000 	C:\WINDOWS\system32\profapi.dll
0x000000005b4c0000 - 0x000000005b4c9000 	C:\Program Files\Java\jdk1.8.0_65\jre\bin\dt_socket.dll
0x00007ffc9f080000 - 0x00007ffc9f0dc000 	C:\WINDOWS\system32\mswsock.dll
0x000000005b580000 - 0x000000005b59a000 	C:\Program Files\Java\jdk1.8.0_65\jre\bin\net.dll
0x00007ffc9f130000 - 0x00007ffc9f147000 	C:\WINDOWS\SYSTEM32\CRYPTSP.dll
0x00007ffc9ed60000 - 0x00007ffc9ed94000 	C:\WINDOWS\system32\rsaenh.dll
0x00007ffc9f5e0000 - 0x00007ffc9f609000 	C:\WINDOWS\SYSTEM32\bcrypt.dll
0x00007ffc9eeb0000 - 0x00007ffc9eecf000 	C:\WINDOWS\SYSTEM32\USERENV.dll
0x00007ffc9f250000 - 0x00007ffc9f25b000 	C:\WINDOWS\SYSTEM32\CRYPTBASE.dll
0x00007ffc9ca00000 - 0x00007ffc9ca38000 	C:\WINDOWS\SYSTEM32\IPHLPAPI.DLL
0x00007ffca06c0000 - 0x00007ffca06c8000 	C:\WINDOWS\system32\NSI.dll
0x00007ffc9c860000 - 0x00007ffc9c876000 	C:\WINDOWS\SYSTEM32\dhcpcsvc6.DLL
0x00007ffc9c730000 - 0x00007ffc9c74a000 	C:\WINDOWS\SYSTEM32\dhcpcsvc.DLL
0x000000005b370000 - 0x000000005b381000 	C:\Program Files\Java\jdk1.8.0_65\jre\bin\nio.dll
0x00007ffc83ec0000 - 0x00007ffc8404c000 	C:\WINDOWS\SYSTEM32\dbghelp.dll

VM Arguments:
jvm_args: -agentlib:jdwp=transport=dt_socket,address=127.0.0.1:64373,suspend=y,server=n -ea -Didea.testng.sm_runner -Dfile.encoding=UTF-8 
java_command: org.testng.RemoteTestNGStarter -port 64371 -usedefaultlisteners false -socket64372 @w@C:\Users\Zoltan_Kornel_Torok\AppData\Local\Temp\idea_working_dirs_testng1.tmp -temp C:\Users\Zoltan_Kornel_Torok\AppData\Local\Temp\idea_testng1.tmp
java_class_path (initial): C:\Program Files (x86)\JetBrains\IntelliJ IDEA 15.0.2\lib\idea_rt.jar;C:\Program Files (x86)\JetBrains\IntelliJ IDEA 15.0.2\plugins\testng\lib\testng-plugin.jar;C:\Program Files\Java\jdk1.8.0_65\jre\lib\charsets.jar;C:\Program Files\Java\jdk1.8.0_65\jre\lib\deploy.jar;C:\Program Files\Java\jdk1.8.0_65\jre\lib\ext\access-bridge-64.jar;C:\Program Files\Java\jdk1.8.0_65\jre\lib\ext\cldrdata.jar;C:\Program Files\Java\jdk1.8.0_65\jre\lib\ext\dnsns.jar;C:\Program Files\Java\jdk1.8.0_65\jre\lib\ext\jaccess.jar;C:\Program Files\Java\jdk1.8.0_65\jre\lib\ext\jfxrt.jar;C:\Program Files\Java\jdk1.8.0_65\jre\lib\ext\localedata.jar;C:\Program Files\Java\jdk1.8.0_65\jre\lib\ext\nashorn.jar;C:\Program Files\Java\jdk1.8.0_65\jre\lib\ext\sunec.jar;C:\Program Files\Java\jdk1.8.0_65\jre\lib\ext\sunjce_provider.jar;C:\Program Files\Java\jdk1.8.0_65\jre\lib\ext\sunmscapi.jar;C:\Program Files\Java\jdk1.8.0_65\jre\lib\ext\sunpkcs11.jar;C:\Program Files\Java\jdk1.8.0_65\jre\lib\ext\zipfs.jar;C:\Program Files\Java\jdk1.8.0_65\jre\lib\javaws.jar;C:\Program Files\Java\jdk1.8.0_65\jre\lib\jce.jar;C:\Program Files\Java\jdk1.8.0_65\jre\lib\jfr.jar;C:\Program Files\Java\jdk1.8.0_65\jre\lib\jfxswt.jar;C:\Program Files\Java\jdk1.8.0_65\jre\lib\jsse.jar;C:\Program Files\Java\jdk1.8.0_65\jre\lib\management-agent.jar;C:\Program Files\Java\jdk1.8.0_65\jre\lib\plugin.jar;C:\Program Files\Java\jdk1.8.0_65\jre\lib\resources.jar;C:\Program Files\Java\jdk1.8.0_65\jre\lib\rt.jar;D:\GITHUB\epam-is-not-a-religion-epam-policy-34-18\target\test-classes;D:\GITHUB\epam-is-not-a-religion-epam-policy-34-18\target\classes;C:\Users\Zoltan_Kornel_Torok\.m2\repository\junit\junit\3.8.1\junit-3.8.1.jar;C:\Users\Zoltan_Kornel_Torok\.m2\repository\org\testng\testng\6.1.1\testng-6.1.1.jar;C:\Users\Zoltan_Kornel_Torok\.m2\repository\org\beanshell\bsh\2.0b4\bsh-2.0b4.jar;C:\Users\Zoltan_Kornel_Torok\.m2\repository\com\beust\jcommander\1.12\jcommander-1.12.jar;C:\Users\Zoltan_Kornel_Torok\.m2\reposi
Launcher Type: SUN_STANDARD

Environment Variables:
PATH=C:\ProgramData\Oracle\Java\javapath;C:\WINDOWS\system32;C:\WINDOWS;C:\WINDOWS\System32\Wbem;C:\WINDOWS\System32\WindowsPowerShell\v1.0\;C:\Program Files\TortoiseSVN\bin;C:\Program Files (x86)\Skype\Phone\;C:\Program Files\Perforce;C:\Program Files\Perforce\DVCS\;C:\Users\Zoltan_Kornel_Torok\AppData\Local\atom\bin;C:\Program Files\Collaborator Client
USERNAME=Zoltan_Kornel_Torok
OS=Windows_NT
PROCESSOR_IDENTIFIER=Intel64 Family 6 Model 58 Stepping 9, GenuineIntel



---------------  S Y S T E M  ---------------

OS: Windows 10.0 , 64 bit Build 10586 (10.0.10586.0)

CPU:total 4 (4 cores per cpu, 1 threads per core) family 6 model 58 stepping 9, cmov, cx8, fxsr, mmx, sse, sse2, sse3, ssse3, sse4.1, sse4.2, popcnt, avx, aes, clmul, erms, tsc, tscinvbit, tscinv

Memory: 4k page, physical 16661036k(8823572k free), swap 17709612k(5708548k free)

vm_info: Java HotSpot(TM) 64-Bit Server VM (25.65-b01) for windows-amd64 JRE (1.8.0_65-b17), built on Oct  6 2015 16:39:20 by "java_re" with MS VC++ 10.0 (VS2010)

time: Sat Jan 16 13:41:41 2016
elapsed time: 4020 seconds (0d 1h 7m 0s)

